\BOOKMARK [1][-]{section.1}{Introduction}{}% 1
\BOOKMARK [1][-]{section.2}{Statement of Problem}{}% 2
\BOOKMARK [2][-]{subsection.2.1}{Scenario}{section.2}% 3
\BOOKMARK [2][-]{subsection.2.2}{Intranet of Things vs Internet of Things}{section.2}% 4
\BOOKMARK [2][-]{subsection.2.3}{Project Outcomes}{section.2}% 5
\BOOKMARK [2][-]{subsection.2.4}{Structure}{section.2}% 6
\BOOKMARK [1][-]{section.3}{Literature Review}{}% 7
\BOOKMARK [2][-]{subsection.3.1}{State-of-the-art IoT Protocols}{section.3}% 8
\BOOKMARK [3][-]{subsubsection.3.1.1}{KNoT}{subsection.3.1}% 9
\BOOKMARK [3][-]{subsubsection.3.1.2}{Smart Things}{subsection.3.1}% 10
\BOOKMARK [2][-]{subsection.3.2}{Homework - Smart Home Router}{section.3}% 11
\BOOKMARK [2][-]{subsection.3.3}{Symmetric Security - TinySec, MiniSec, ContikiSec}{section.3}% 12
\BOOKMARK [3][-]{subsubsection.3.3.1}{TinySec}{subsection.3.3}% 13
\BOOKMARK [3][-]{subsubsection.3.3.2}{MiniSec}{subsection.3.3}% 14
\BOOKMARK [3][-]{subsubsection.3.3.3}{ContikiSec}{subsection.3.3}% 15
\BOOKMARK [2][-]{subsection.3.4}{Key Distribution Problem}{section.3}% 16
\BOOKMARK [2][-]{subsection.3.5}{Asymmetric Security - TinyECC and Certificates}{section.3}% 17
\BOOKMARK [3][-]{subsubsection.3.5.1}{TinyECC}{subsection.3.5}% 18
\BOOKMARK [3][-]{subsubsection.3.5.2}{Certificates and Public Key Infrastructures}{subsection.3.5}% 19
\BOOKMARK [2][-]{subsection.3.6}{Other Works}{section.3}% 20
\BOOKMARK [3][-]{subsubsection.3.6.1}{MQTT}{subsection.3.6}% 21
\BOOKMARK [3][-]{subsubsection.3.6.2}{IETF Work}{subsection.3.6}% 22
\BOOKMARK [2][-]{subsection.3.7}{Problems with previous work}{section.3}% 23
\BOOKMARK [1][-]{section.4}{Proposed Approach}{}% 24
\BOOKMARK [2][-]{subsection.4.1}{Solving the Problem}{section.4}% 25
\BOOKMARK [2][-]{subsection.4.2}{Security Architecture}{section.4}% 26
\BOOKMARK [3][-]{subsubsection.4.2.1}{Symmetric Key Cryptography}{subsection.4.2}% 27
\BOOKMARK [3][-]{subsubsection.4.2.2}{Asymmetric Key Cryptography}{subsection.4.2}% 28
\BOOKMARK [2][-]{subsection.4.3}{Implementation of IoT Protocol on TinyOS}{section.4}% 29
\BOOKMARK [2][-]{subsection.4.4}{Integration of IoT with Smart Home Router}{section.4}% 30
\BOOKMARK [1][-]{section.5}{Work Plan}{}% 31
